<?xml version="1.0" encoding="UTF-8"?>
<!-- Generated by org.testng.reporters.JUnitReportReporter -->
<testsuite skipped="0" hostname="SebahattinsAir2.home" name="com.qa.hubspot.tests.HomePageTest" tests="1" failures="0" timestamp="15 Jul 2020 18:07:50 GMT" time="0.021" errors="0">
  <testcase name="verifyHomePageTitle" time="0.021" classname="com.qa.hubspot.tests.HomePageTest"/>
</testsuite> <!-- com.qa.hubspot.tests.HomePageTest -->
